<?xml version="1.0" encoding="utf-8"?><testsuites><testsuite name="pytest" errors="0" failures="0" skipped="0" tests="10" time="0.103" timestamp="2022-11-01T15:26:28.262192" hostname="RS-LAP-011"><testcase classname="test_functions" name="test_to_arabic_number_1_rta" time="0.003" /><testcase classname="test_functions" name="test_to_arabic_number_2008_rta" time="0.001" /><testcase classname="test_functions" name="test_to_arabic_number_4_rta" time="0.001" /><testcase classname="test_functions" name="test_to_arabic_number_90_rta" time="0.001" /><testcase classname="test_functions" name="test_to_arabic_number_3999_rta" time="0.001" /><testcase classname="test_functions" name="test_to_roman_numeral_1_atn" time="0.001" /><testcase classname="test_functions" name="test_to_roman_numeral_2008_atn" time="0.001" /><testcase classname="test_functions" name="test_to_roman_numeral_4_atn" time="0.001" /><testcase classname="test_functions" name="test_to_roman_numeral_90_atn" time="0.001" /><testcase classname="test_functions" name="test_to_roman_numeral_3999_atn" time="0.001" /></testsuite></testsuites>